2013-07-29 17:01:36 Error: [MissingViewException] View file "/Applications/MAMP/htdocs/admin-docs/app/View/Pages/display.ctp" is missing.
Exception Attributes: array (
  'file' => '/Applications/MAMP/htdocs/admin-docs/app/View/Pages/display.ctp',
)
Request URL: /admin-docs/pages/home
Stack Trace:
#0 /Applications/MAMP/htdocs/admin-docs/lib/Cake/View/View.php(468): View->_getViewFileName(NULL)
#1 /Applications/MAMP/htdocs/admin-docs/lib/Cake/Controller/Controller.php(948): View->render(NULL, NULL)
#2 /Applications/MAMP/htdocs/admin-docs/lib/Cake/Routing/Dispatcher.php(194): Controller->render()
#3 /Applications/MAMP/htdocs/admin-docs/lib/Cake/Routing/Dispatcher.php(162): Dispatcher->_invoke(Object(PagesController), Object(CakeRequest), Object(CakeResponse))
#4 /Applications/MAMP/htdocs/admin-docs/app/webroot/index.php(111): Dispatcher->dispatch(Object(CakeRequest), Object(CakeResponse))
#5 {main}
2013-08-16 11:22:32 Error: [MissingViewException] View file "/Applications/MAMP/htdocs/cakeStrap/app/View/Users/index.ctp" is missing.
Exception Attributes: array (
  'file' => '/Applications/MAMP/htdocs/cakeStrap/app/View/Users/index.ctp',
)
Request URL: /cakeStrap/home
Stack Trace:
#0 /Applications/MAMP/htdocs/cakeStrap/lib/Cake/View/View.php(468): View->_getViewFileName(NULL)
#1 /Applications/MAMP/htdocs/cakeStrap/lib/Cake/Controller/Controller.php(948): View->render(NULL, NULL)
#2 /Applications/MAMP/htdocs/cakeStrap/lib/Cake/Routing/Dispatcher.php(194): Controller->render()
#3 /Applications/MAMP/htdocs/cakeStrap/lib/Cake/Routing/Dispatcher.php(162): Dispatcher->_invoke(Object(UsersController), Object(CakeRequest), Object(CakeResponse))
#4 /Applications/MAMP/htdocs/cakeStrap/app/webroot/index.php(111): Dispatcher->dispatch(Object(CakeRequest), Object(CakeResponse))
#5 {main}
2013-08-16 11:24:16 Error: [MissingActionException] Action UsersController::home() could not be found.
Exception Attributes: array (
  'controller' => 'UsersController',
  'action' => 'home',
)
Request URL: /cakeStrap/users/home
Stack Trace:
#0 /Applications/MAMP/htdocs/cakeStrap/lib/Cake/Routing/Dispatcher.php(187): Controller->invokeAction(Object(CakeRequest))
#1 /Applications/MAMP/htdocs/cakeStrap/lib/Cake/Routing/Dispatcher.php(162): Dispatcher->_invoke(Object(UsersController), Object(CakeRequest), Object(CakeResponse))
#2 /Applications/MAMP/htdocs/cakeStrap/app/webroot/index.php(111): Dispatcher->dispatch(Object(CakeRequest), Object(CakeResponse))
#3 {main}
2013-08-16 11:24:18 Error: [MissingActionException] Action UsersController::home() could not be found.
Exception Attributes: array (
  'controller' => 'UsersController',
  'action' => 'home',
)
Request URL: /cakeStrap/users/home
Stack Trace:
#0 /Applications/MAMP/htdocs/cakeStrap/lib/Cake/Routing/Dispatcher.php(187): Controller->invokeAction(Object(CakeRequest))
#1 /Applications/MAMP/htdocs/cakeStrap/lib/Cake/Routing/Dispatcher.php(162): Dispatcher->_invoke(Object(UsersController), Object(CakeRequest), Object(CakeResponse))
#2 /Applications/MAMP/htdocs/cakeStrap/app/webroot/index.php(111): Dispatcher->dispatch(Object(CakeRequest), Object(CakeResponse))
#3 {main}
2013-08-16 11:24:40 Error: [MissingActionException] Action UsersController::home() could not be found.
Exception Attributes: array (
  'controller' => 'UsersController',
  'action' => 'home',
)
Request URL: /cakeStrap/users/home
Stack Trace:
#0 /Applications/MAMP/htdocs/cakeStrap/lib/Cake/Routing/Dispatcher.php(187): Controller->invokeAction(Object(CakeRequest))
#1 /Applications/MAMP/htdocs/cakeStrap/lib/Cake/Routing/Dispatcher.php(162): Dispatcher->_invoke(Object(UsersController), Object(CakeRequest), Object(CakeResponse))
#2 /Applications/MAMP/htdocs/cakeStrap/app/webroot/index.php(111): Dispatcher->dispatch(Object(CakeRequest), Object(CakeResponse))
#3 {main}
2013-08-16 11:25:10 Error: [MissingActionException] Action UsersController::home() could not be found.
Exception Attributes: array (
  'controller' => 'UsersController',
  'action' => 'home',
)
Request URL: /cakeStrap/users/home
Stack Trace:
#0 /Applications/MAMP/htdocs/cakeStrap/lib/Cake/Routing/Dispatcher.php(187): Controller->invokeAction(Object(CakeRequest))
#1 /Applications/MAMP/htdocs/cakeStrap/lib/Cake/Routing/Dispatcher.php(162): Dispatcher->_invoke(Object(UsersController), Object(CakeRequest), Object(CakeResponse))
#2 /Applications/MAMP/htdocs/cakeStrap/app/webroot/index.php(111): Dispatcher->dispatch(Object(CakeRequest), Object(CakeResponse))
#3 {main}
2013-08-16 11:26:07 Error: [MissingActionException] Action UsersController::home() could not be found.
Exception Attributes: array (
  'controller' => 'UsersController',
  'action' => 'home',
)
Request URL: /cakeStrap/users/home
Stack Trace:
#0 /Applications/MAMP/htdocs/cakeStrap/lib/Cake/Routing/Dispatcher.php(187): Controller->invokeAction(Object(CakeRequest))
#1 /Applications/MAMP/htdocs/cakeStrap/lib/Cake/Routing/Dispatcher.php(162): Dispatcher->_invoke(Object(UsersController), Object(CakeRequest), Object(CakeResponse))
#2 /Applications/MAMP/htdocs/cakeStrap/app/webroot/index.php(111): Dispatcher->dispatch(Object(CakeRequest), Object(CakeResponse))
#3 {main}
2013-08-16 11:30:40 Error: [MissingActionException] Action UsersController::home() could not be found.
Exception Attributes: array (
  'controller' => 'UsersController',
  'action' => 'home',
)
Request URL: /cakeStrap/users/home
Stack Trace:
#0 /Applications/MAMP/htdocs/cakeStrap/lib/Cake/Routing/Dispatcher.php(187): Controller->invokeAction(Object(CakeRequest))
#1 /Applications/MAMP/htdocs/cakeStrap/lib/Cake/Routing/Dispatcher.php(162): Dispatcher->_invoke(Object(UsersController), Object(CakeRequest), Object(CakeResponse))
#2 /Applications/MAMP/htdocs/cakeStrap/app/webroot/index.php(111): Dispatcher->dispatch(Object(CakeRequest), Object(CakeResponse))
#3 {main}
2013-08-16 11:30:54 Error: [MissingActionException] Action UsersController::home() could not be found.
Exception Attributes: array (
  'controller' => 'UsersController',
  'action' => 'home',
)
Request URL: /cakeStrap/users/home
Stack Trace:
#0 /Applications/MAMP/htdocs/cakeStrap/lib/Cake/Routing/Dispatcher.php(187): Controller->invokeAction(Object(CakeRequest))
#1 /Applications/MAMP/htdocs/cakeStrap/lib/Cake/Routing/Dispatcher.php(162): Dispatcher->_invoke(Object(UsersController), Object(CakeRequest), Object(CakeResponse))
#2 /Applications/MAMP/htdocs/cakeStrap/app/webroot/index.php(111): Dispatcher->dispatch(Object(CakeRequest), Object(CakeResponse))
#3 {main}
2013-08-16 11:31:27 Error: [NotFoundException] Invalid user
Request URL: /cakeStrap/users/delete/0
Stack Trace:
#0 [internal function]: UsersController->delete('0')
#1 /Applications/MAMP/htdocs/cakeStrap/lib/Cake/Controller/Controller.php(486): ReflectionMethod->invokeArgs(Object(UsersController), Array)
#2 /Applications/MAMP/htdocs/cakeStrap/lib/Cake/Routing/Dispatcher.php(187): Controller->invokeAction(Object(CakeRequest))
#3 /Applications/MAMP/htdocs/cakeStrap/lib/Cake/Routing/Dispatcher.php(162): Dispatcher->_invoke(Object(UsersController), Object(CakeRequest), Object(CakeResponse))
#4 /Applications/MAMP/htdocs/cakeStrap/app/webroot/index.php(111): Dispatcher->dispatch(Object(CakeRequest), Object(CakeResponse))
#5 {main}
2013-08-16 11:34:36 Error: [MissingActionException] Action UsersController::home() could not be found.
Exception Attributes: array (
  'controller' => 'UsersController',
  'action' => 'home',
)
Request URL: /cakeStrap/users/home
Stack Trace:
#0 /Applications/MAMP/htdocs/cakeStrap/lib/Cake/Routing/Dispatcher.php(187): Controller->invokeAction(Object(CakeRequest))
#1 /Applications/MAMP/htdocs/cakeStrap/lib/Cake/Routing/Dispatcher.php(162): Dispatcher->_invoke(Object(UsersController), Object(CakeRequest), Object(CakeResponse))
#2 /Applications/MAMP/htdocs/cakeStrap/app/webroot/index.php(111): Dispatcher->dispatch(Object(CakeRequest), Object(CakeResponse))
#3 {main}
2013-08-16 11:34:55 Error: [MissingActionException] Action UsersController::home() could not be found.
Exception Attributes: array (
  'controller' => 'UsersController',
  'action' => 'home',
)
Request URL: /cakeStrap/users/home
Stack Trace:
#0 /Applications/MAMP/htdocs/cakeStrap/lib/Cake/Routing/Dispatcher.php(187): Controller->invokeAction(Object(CakeRequest))
#1 /Applications/MAMP/htdocs/cakeStrap/lib/Cake/Routing/Dispatcher.php(162): Dispatcher->_invoke(Object(UsersController), Object(CakeRequest), Object(CakeResponse))
#2 /Applications/MAMP/htdocs/cakeStrap/app/webroot/index.php(111): Dispatcher->dispatch(Object(CakeRequest), Object(CakeResponse))
#3 {main}
2013-08-16 11:48:25 Error: [ForbiddenException] Você não tem permissão para executar esta ação.
Request URL: /cakeStrap/users/view/5
Stack Trace:
#0 [internal function]: UsersController->view('5')
#1 /Applications/MAMP/htdocs/cakeStrap/lib/Cake/Controller/Controller.php(486): ReflectionMethod->invokeArgs(Object(UsersController), Array)
#2 /Applications/MAMP/htdocs/cakeStrap/lib/Cake/Routing/Dispatcher.php(187): Controller->invokeAction(Object(CakeRequest))
#3 /Applications/MAMP/htdocs/cakeStrap/lib/Cake/Routing/Dispatcher.php(162): Dispatcher->_invoke(Object(UsersController), Object(CakeRequest), Object(CakeResponse))
#4 /Applications/MAMP/htdocs/cakeStrap/app/webroot/index.php(111): Dispatcher->dispatch(Object(CakeRequest), Object(CakeResponse))
#5 {main}
2013-08-16 11:49:11 Error: [ForbiddenException] Você não tem permissão para executar esta ação.
Request URL: /cakeStrap/home
Stack Trace:
#0 [internal function]: UsersController->index()
#1 /Applications/MAMP/htdocs/cakeStrap/lib/Cake/Controller/Controller.php(486): ReflectionMethod->invokeArgs(Object(UsersController), Array)
#2 /Applications/MAMP/htdocs/cakeStrap/lib/Cake/Routing/Dispatcher.php(187): Controller->invokeAction(Object(CakeRequest))
#3 /Applications/MAMP/htdocs/cakeStrap/lib/Cake/Routing/Dispatcher.php(162): Dispatcher->_invoke(Object(UsersController), Object(CakeRequest), Object(CakeResponse))
#4 /Applications/MAMP/htdocs/cakeStrap/app/webroot/index.php(111): Dispatcher->dispatch(Object(CakeRequest), Object(CakeResponse))
#5 {main}
2013-08-16 11:50:21 Error: [MissingActionException] Action PagesController::index() could not be found.
Exception Attributes: array (
  'controller' => 'PagesController',
  'action' => 'index',
)
Request URL: /cakeStrap/home
Stack Trace:
#0 /Applications/MAMP/htdocs/cakeStrap/lib/Cake/Routing/Dispatcher.php(187): Controller->invokeAction(Object(CakeRequest))
#1 /Applications/MAMP/htdocs/cakeStrap/lib/Cake/Routing/Dispatcher.php(162): Dispatcher->_invoke(Object(PagesController), Object(CakeRequest), Object(CakeResponse))
#2 /Applications/MAMP/htdocs/cakeStrap/app/webroot/index.php(111): Dispatcher->dispatch(Object(CakeRequest), Object(CakeResponse))
#3 {main}
2013-08-16 12:47:52 Error: [MissingActionException] Action UsersController::add() could not be found.
Exception Attributes: array (
  'controller' => 'UsersController',
  'action' => 'add',
)
Request URL: /cakeStrap/users/add
Stack Trace:
#0 /Applications/MAMP/htdocs/cakeStrap/lib/Cake/Routing/Dispatcher.php(187): Controller->invokeAction(Object(CakeRequest))
#1 /Applications/MAMP/htdocs/cakeStrap/lib/Cake/Routing/Dispatcher.php(162): Dispatcher->_invoke(Object(UsersController), Object(CakeRequest), Object(CakeResponse))
#2 /Applications/MAMP/htdocs/cakeStrap/app/webroot/index.php(111): Dispatcher->dispatch(Object(CakeRequest), Object(CakeResponse))
#3 {main}
2013-08-16 12:48:19 Error: [MissingActionException] Action UsersController::register() could not be found.
Exception Attributes: array (
  'controller' => 'UsersController',
  'action' => 'register',
)
Request URL: /cakeStrap/users/register
Stack Trace:
#0 /Applications/MAMP/htdocs/cakeStrap/lib/Cake/Routing/Dispatcher.php(187): Controller->invokeAction(Object(CakeRequest))
#1 /Applications/MAMP/htdocs/cakeStrap/lib/Cake/Routing/Dispatcher.php(162): Dispatcher->_invoke(Object(UsersController), Object(CakeRequest), Object(CakeResponse))
#2 /Applications/MAMP/htdocs/cakeStrap/app/webroot/index.php(111): Dispatcher->dispatch(Object(CakeRequest), Object(CakeResponse))
#3 {main}
